2026-05-04 02:41:11:4111 INFO: Redis client disabled in test environment
2026-05-04 02:41:12:4112 INFO: Cloudinary Configured
2026-05-04 02:41:22:4122 INFO: Redis client disabled in test environment
2026-05-04 02:41:22:4122 INFO: Cloudinary Configured
2026-05-04 02:41:24:4124 INFO: Email transport disabled in test environment
2026-05-04 02:41:24:4124 INFO: [EMAIL - no SMTP] TO: project.bidclient@example.com | SUBJECT: New bid on your project: Bidable Project
2026-05-04 02:41:26:4126 INFO: Redis client disabled in test environment
2026-05-04 02:41:26:4126 INFO: Cloudinary Configured
2026-05-04 02:41:28:4128 INFO: Redis client disabled in test environment
2026-05-04 02:41:28:4128 INFO: Cloudinary Configured
2026-05-04 02:41:30:4130 INFO: Redis client disabled in test environment
2026-05-04 02:41:30:4130 INFO: Cloudinary Configured
2026-05-04 02:41:31:4131 INFO: Email transport disabled in test environment
2026-05-04 02:41:31:4131 INFO: [EMAIL - no SMTP] TO: auth.user@example.com | SUBJECT: Verify Your Email - FreelancerHub
2026-05-04 02:41:31:4131 INFO: New user registered via API: auth.user@example.com
2026-05-04 02:41:31:4131 INFO: Email verified via API: verify.user@example.com
2026-05-04 02:41:32:4132 INFO: User logged in via API: login.user@example.com
2026-05-04 02:41:32:4132 INFO: Email transport disabled in test environment
2026-05-04 02:41:32:4132 INFO: [EMAIL - no SMTP] TO: reset.user@example.com | SUBJECT: Reset Your Password - FreelancerHub
2026-05-04 02:41:32:4132 INFO: Password reset requested via API: reset.user@example.com
2026-05-04 02:41:33:4133 INFO: Password reset success via API: reset.user@example.com
2026-05-04 02:41:34:4134 INFO: Redis client disabled in test environment
2026-05-04 02:41:34:4134 INFO: Cloudinary Configured
2026-05-04 02:41:40:4140 INFO: Redis client disabled in test environment
2026-05-04 02:41:40:4140 INFO: Cloudinary Configured
2026-05-04 02:41:42:4142 INFO: Redis client disabled in test environment
2026-05-04 02:41:42:4142 INFO: Cloudinary Configured
2026-05-04 02:41:44:4144 INFO: Redis client disabled in test environment
2026-05-04 02:41:44:4144 INFO: Cloudinary Configured
2026-05-04 02:44:00:440 INFO: Redis client disabled in test environment
2026-05-04 02:44:01:441 INFO: Cloudinary Configured
2026-05-04 02:44:03:443 INFO: Email transport disabled in test environment
2026-05-04 02:44:03:443 INFO: [EMAIL - no SMTP] TO: project.bidclient@example.com | SUBJECT: New bid on your project: Bidable Project
2026-05-04 02:44:11:4411 INFO: Redis client disabled in test environment
2026-05-04 02:44:11:4411 INFO: Cloudinary Configured
2026-05-04 02:44:33:4433 INFO: Redis client disabled in test environment
2026-05-04 02:44:34:4434 INFO: Cloudinary Configured
2026-05-04 02:44:36:4436 INFO: Email transport disabled in test environment
2026-05-04 02:44:36:4436 INFO: [EMAIL - no SMTP] TO: project.bidclient@example.com | SUBJECT: New bid on your project: Bidable Project
2026-05-04 02:44:38:4438 ERROR: API postDispute Error: Dispute validation failed: status: `pending` is not a valid enum value for path `status`.
2026-05-04 02:44:43:4443 INFO: Redis client disabled in test environment
2026-05-04 02:44:43:4443 INFO: Cloudinary Configured
2026-05-04 02:45:08:458 INFO: Redis client disabled in test environment
2026-05-04 02:45:08:458 INFO: Cloudinary Configured
2026-05-04 02:45:10:4510 INFO: Email transport disabled in test environment
2026-05-04 02:45:10:4510 INFO: [EMAIL - no SMTP] TO: project.bidclient@example.com | SUBJECT: New bid on your project: Bidable Project
2026-05-04 02:45:17:4517 INFO: Redis client disabled in test environment
2026-05-04 02:45:17:4517 INFO: Cloudinary Configured
2026-05-04 02:46:19:4619 INFO: Redis client disabled in test environment
2026-05-04 02:46:20:4620 INFO: Cloudinary Configured
2026-05-04 02:46:25:4625 INFO: Redis client disabled in test environment
2026-05-04 02:46:25:4625 INFO: Cloudinary Configured
2026-05-04 02:46:26:4626 INFO: Email transport disabled in test environment
2026-05-04 02:46:26:4626 INFO: [EMAIL - no SMTP] TO: auth.user@example.com | SUBJECT: Verify Your Email - FreelancerHub
2026-05-04 02:46:26:4626 INFO: New user registered via API: auth.user@example.com
2026-05-04 02:46:26:4626 INFO: Email verified via API: verify.user@example.com
2026-05-04 02:46:27:4627 INFO: User logged in via API: login.user@example.com
2026-05-04 02:46:27:4627 INFO: Email transport disabled in test environment
2026-05-04 02:46:27:4627 INFO: [EMAIL - no SMTP] TO: reset.user@example.com | SUBJECT: Reset Your Password - FreelancerHub
2026-05-04 02:46:27:4627 INFO: Password reset requested via API: reset.user@example.com
2026-05-04 02:46:27:4627 INFO: Password reset success via API: reset.user@example.com
2026-05-04 02:46:28:4628 INFO: Redis client disabled in test environment
2026-05-04 02:46:28:4628 INFO: Cloudinary Configured
2026-05-04 02:46:31:4631 INFO: Email transport disabled in test environment
2026-05-04 02:46:31:4631 INFO: [EMAIL - no SMTP] TO: freelancer.award@example.com | SUBJECT: 🎉 You've been awarded: Award Project
2026-05-04 02:46:35:4635 INFO: Redis client disabled in test environment
2026-05-04 02:46:35:4635 INFO: Cloudinary Configured
2026-05-04 02:46:37:4637 INFO: Email transport disabled in test environment
2026-05-04 02:46:37:4637 INFO: [EMAIL - no SMTP] TO: project.bidclient@example.com | SUBJECT: New bid on your project: Bidable Project
2026-05-04 02:46:41:4641 INFO: Redis client disabled in test environment
2026-05-04 02:46:41:4641 INFO: Cloudinary Configured
2026-05-04 02:46:43:4643 INFO: Redis client disabled in test environment
2026-05-04 02:46:43:4643 INFO: Cloudinary Configured
2026-05-04 02:46:45:4645 INFO: Redis client disabled in test environment
2026-05-04 02:46:45:4645 INFO: Cloudinary Configured
2026-05-04 02:46:47:4647 INFO: Redis client disabled in test environment
2026-05-04 02:46:47:4647 INFO: Cloudinary Configured
2026-05-04 02:46:48:4648 INFO: Redis client disabled in test environment
2026-05-04 02:46:48:4648 INFO: Cloudinary Configured
2026-05-04 02:49:53:4953 INFO: Redis client disabled in test environment
2026-05-04 02:49:54:4954 INFO: Cloudinary Configured
2026-05-04 02:49:56:4956 INFO: Email transport disabled in test environment
2026-05-04 02:49:56:4956 INFO: [EMAIL - no SMTP] TO: freelancer.award@example.com | SUBJECT: 🎉 You've been awarded: Award Project
2026-05-04 02:50:00:500 INFO: Redis client disabled in test environment
2026-05-04 02:50:01:501 INFO: Cloudinary Configured
2026-05-04 02:50:06:506 INFO: Redis client disabled in test environment
2026-05-04 02:50:06:506 INFO: Cloudinary Configured
2026-05-04 02:50:06:506 INFO: Email transport disabled in test environment
2026-05-04 02:50:06:506 INFO: [EMAIL - no SMTP] TO: auth.user@example.com | SUBJECT: Verify Your Email - FreelancerHub
2026-05-04 02:50:06:506 INFO: New user registered via API: auth.user@example.com
2026-05-04 02:50:07:507 INFO: Email verified via API: verify.user@example.com
2026-05-04 02:50:07:507 INFO: User logged in via API: login.user@example.com
2026-05-04 02:50:08:508 INFO: Email transport disabled in test environment
2026-05-04 02:50:08:508 INFO: [EMAIL - no SMTP] TO: reset.user@example.com | SUBJECT: Reset Your Password - FreelancerHub
2026-05-04 02:50:08:508 INFO: Password reset requested via API: reset.user@example.com
2026-05-04 02:50:08:508 INFO: Password reset success via API: reset.user@example.com
2026-05-04 02:50:08:508 INFO: Redis client disabled in test environment
2026-05-04 02:50:09:509 INFO: Cloudinary Configured
2026-05-04 02:53:17:5317 INFO: Cloudinary Configured
2026-05-04 02:53:17:5317 INFO: Redis Client Connected
2026-05-04 02:53:18:5318 ERROR: Role definition not found for: client
2026-05-04 02:53:18:5318 ERROR: Role definition not found for: client
2026-05-04 02:53:18:5318 ERROR: Role definition not found for: client
2026-05-04 02:55:34:5534 INFO: Redis client disabled in test environment
2026-05-04 02:55:35:5535 INFO: Cloudinary Configured
2026-05-04 02:55:56:5556 INFO: Redis client disabled in test environment
2026-05-04 02:55:56:5556 INFO: Cloudinary Configured
2026-05-04 02:55:58:5558 INFO: Email transport disabled in test environment
2026-05-04 02:55:58:5558 INFO: [EMAIL - no SMTP] TO: freelancer.award@example.com | SUBJECT: 🎉 You've been awarded: Award Project
2026-05-04 02:56:02:562 INFO: Redis client disabled in test environment
2026-05-04 02:56:03:563 INFO: Cloudinary Configured
2026-05-04 02:56:04:564 INFO: Email transport disabled in test environment
2026-05-04 02:56:04:564 INFO: [EMAIL - no SMTP] TO: project.bidclient@example.com | SUBJECT: New bid on your project: Bidable Project
2026-05-04 02:56:08:568 INFO: Redis client disabled in test environment
2026-05-04 02:56:08:568 INFO: Cloudinary Configured
2026-05-04 02:56:13:5613 INFO: Redis client disabled in test environment
2026-05-04 02:56:13:5613 INFO: Cloudinary Configured
2026-05-04 02:56:14:5614 INFO: Email transport disabled in test environment
2026-05-04 02:56:14:5614 INFO: [EMAIL - no SMTP] TO: auth.user@example.com | SUBJECT: Verify Your Email - FreelancerHub
2026-05-04 02:56:14:5614 INFO: New user registered via API: auth.user@example.com
2026-05-04 02:56:14:5614 INFO: Email verified via API: verify.user@example.com
2026-05-04 02:56:15:5615 INFO: User logged in via API: login.user@example.com
2026-05-04 02:56:15:5615 INFO: Email transport disabled in test environment
2026-05-04 02:56:15:5615 INFO: [EMAIL - no SMTP] TO: reset.user@example.com | SUBJECT: Reset Your Password - FreelancerHub
2026-05-04 02:56:15:5615 INFO: Password reset requested via API: reset.user@example.com
2026-05-04 02:56:15:5615 INFO: Password reset success via API: reset.user@example.com
2026-05-04 02:56:16:5616 INFO: Redis client disabled in test environment
2026-05-04 02:56:16:5616 INFO: Cloudinary Configured
2026-05-04 02:56:18:5618 INFO: Redis client disabled in test environment
2026-05-04 02:56:18:5618 INFO: Cloudinary Configured
2026-05-04 02:56:20:5620 INFO: Redis client disabled in test environment
2026-05-04 02:56:20:5620 INFO: Cloudinary Configured
2026-05-04 02:56:22:5622 INFO: Redis client disabled in test environment
2026-05-04 02:56:22:5622 INFO: Cloudinary Configured
2026-05-04 02:56:23:5623 INFO: Redis client disabled in test environment
2026-05-04 02:56:23:5623 INFO: Cloudinary Configured
2026-05-04 02:57:10:5710 INFO: Cloudinary Configured
2026-05-04 02:57:11:5711 INFO: Redis Client Connected
2026-05-04 02:57:11:5711 INFO: MongoDB Connected: ac-tzo7kzl-shard-00-01.cpntxm6.mongodb.net
2026-05-04 02:57:11:5711 INFO: Server running on port 3000 in development mode
2026-05-04 13:00:01:01 INFO: Cloudinary Configured
2026-05-04 13:00:01:01 INFO: Redis Client Connected
2026-05-04 13:00:03:03 INFO: MongoDB Connected: ac-tzo7kzl-shard-00-01.cpntxm6.mongodb.net
2026-05-04 13:00:03:03 INFO: Server running on port 3000 in development mode
2026-05-04 14:49:42:4942 WARN: Cloudinary configuration missing in .env
2026-05-04 14:49:42:4942 INFO: Redis Client Connected
2026-05-04 14:50:31:5031 WARN: Cloudinary configuration missing in .env
2026-05-04 14:50:31:5031 INFO: Redis Client Connected
2026-05-04 14:51:37:5137 INFO: Cloudinary Configured
2026-05-04 14:51:37:5137 INFO: Redis Client Connected
2026-05-04 14:51:39:5139 INFO: MongoDB Connected: ac-tzo7kzl-shard-00-01.cpntxm6.mongodb.net
2026-05-04 14:51:39:5139 INFO: Server running on port 3000 in development mode
2026-05-05 16:11:58:1158 INFO: Redis client disabled in test environment
2026-05-05 16:11:59:1159 INFO: Cloudinary Configured
2026-05-05 16:12:02:122 INFO: Email transport disabled in test environment
2026-05-05 16:12:02:122 INFO: [EMAIL - no SMTP] TO: test@yopmail.com | SUBJECT: 🎉 You've been awarded: Award Project
2026-05-05 16:12:06:126 INFO: Redis client disabled in test environment
2026-05-05 16:12:06:126 INFO: Cloudinary Configured
2026-05-05 16:12:08:128 INFO: Email transport disabled in test environment
2026-05-05 16:12:08:128 INFO: [EMAIL - no SMTP] TO: test@yopmail.com | SUBJECT: New bid on your project: Bidable Project
2026-05-05 16:12:12:1212 INFO: Redis client disabled in test environment
2026-05-05 16:12:12:1212 INFO: Cloudinary Configured
2026-05-05 16:12:17:1217 INFO: Redis client disabled in test environment
2026-05-05 16:12:17:1217 INFO: Cloudinary Configured
2026-05-05 16:12:18:1218 INFO: Email transport disabled in test environment
2026-05-05 16:12:18:1218 INFO: [EMAIL - no SMTP] TO: test@yopmail.com | SUBJECT: Verify Your Email - FreelancerHub
2026-05-05 16:12:18:1218 INFO: New user registered via API: auth.user@example.com
2026-05-05 16:12:18:1218 INFO: Email verified via API: verify.user@example.com
2026-05-05 16:12:19:1219 INFO: User logged in via API: login.user@example.com
2026-05-05 16:12:19:1219 INFO: Email transport disabled in test environment
2026-05-05 16:12:19:1219 INFO: [EMAIL - no SMTP] TO: test@yopmail.com | SUBJECT: Reset Your Password - FreelancerHub
2026-05-05 16:12:19:1219 INFO: Password reset requested via API: reset.user@example.com
2026-05-05 16:12:19:1219 INFO: Password reset success via API: reset.user@example.com
2026-05-05 16:12:20:1220 INFO: Redis client disabled in test environment
2026-05-05 16:12:20:1220 INFO: Cloudinary Configured
2026-05-05 16:12:22:1222 INFO: Redis client disabled in test environment
2026-05-05 16:12:22:1222 INFO: Cloudinary Configured
2026-05-05 16:12:25:1225 INFO: Redis client disabled in test environment
2026-05-05 16:12:25:1225 INFO: Cloudinary Configured
2026-05-05 16:12:26:1226 INFO: Redis client disabled in test environment
2026-05-05 16:12:26:1226 INFO: Cloudinary Configured
2026-05-05 16:12:28:1228 INFO: Redis client disabled in test environment
2026-05-05 16:12:28:1228 INFO: Cloudinary Configured
2026-05-05 16:15:27:1527 INFO: Redis client disabled in test environment
2026-05-05 16:15:27:1527 INFO: Cloudinary Configured
2026-05-05 16:15:29:1529 INFO: Email transport disabled in test environment
2026-05-05 16:15:29:1529 INFO: [EMAIL - no SMTP] TO: test@yopmail.com | SUBJECT: 🎉 You've been awarded: Award Project
2026-05-05 16:15:46:1546 INFO: Redis client disabled in test environment
2026-05-05 16:15:47:1547 INFO: Cloudinary Configured
2026-05-05 16:15:49:1549 INFO: Email transport disabled in test environment
2026-05-05 16:15:49:1549 INFO: [EMAIL - no SMTP] TO: test@yopmail.com | SUBJECT: 🎉 You've been awarded: Award Project
2026-05-05 16:15:52:1552 INFO: Redis client disabled in test environment
2026-05-05 16:15:52:1552 INFO: Cloudinary Configured
2026-05-05 16:15:54:1554 INFO: Email transport disabled in test environment
2026-05-05 16:15:54:1554 INFO: [EMAIL - no SMTP] TO: test@yopmail.com | SUBJECT: New bid on your project: Bidable Project
2026-05-05 16:15:58:1558 INFO: Redis client disabled in test environment
2026-05-05 16:15:58:1558 INFO: Cloudinary Configured
2026-05-05 16:16:03:163 INFO: Redis client disabled in test environment
2026-05-05 16:16:04:164 INFO: Cloudinary Configured
2026-05-05 16:16:04:164 INFO: Email transport disabled in test environment
2026-05-05 16:16:04:164 INFO: [EMAIL - no SMTP] TO: test@yopmail.com | SUBJECT: Verify Your Email - FreelancerHub
2026-05-05 16:16:04:164 INFO: New user registered via API: auth.user@example.com
2026-05-05 16:16:04:164 INFO: Email verified via API: verify.user@example.com
2026-05-05 16:16:05:165 INFO: User logged in via API: login.user@example.com
2026-05-05 16:16:05:165 INFO: Email transport disabled in test environment
2026-05-05 16:16:05:165 INFO: [EMAIL - no SMTP] TO: test@yopmail.com | SUBJECT: Reset Your Password - FreelancerHub
2026-05-05 16:16:05:165 INFO: Password reset requested via API: reset.user@example.com
2026-05-05 16:16:06:166 INFO: Password reset success via API: reset.user@example.com
2026-05-05 16:16:06:166 INFO: Redis client disabled in test environment
2026-05-05 16:16:06:166 INFO: Cloudinary Configured
2026-05-05 16:16:09:169 INFO: Redis client disabled in test environment
2026-05-05 16:16:09:169 INFO: Cloudinary Configured
2026-05-05 16:16:11:1611 INFO: Redis client disabled in test environment
2026-05-05 16:16:11:1611 INFO: Cloudinary Configured
2026-05-05 16:16:13:1613 INFO: Redis client disabled in test environment
2026-05-05 16:16:13:1613 INFO: Cloudinary Configured
2026-05-05 16:16:14:1614 INFO: Redis client disabled in test environment
2026-05-05 16:16:14:1614 INFO: Cloudinary Configured
2026-05-05 16:16:57:1657 INFO: Redis client disabled in test environment
2026-05-05 16:16:58:1658 INFO: Redis client disabled in test environment
2026-05-05 16:16:58:1658 INFO: Redis client disabled in test environment
2026-05-05 16:16:59:1659 INFO: Redis client disabled in test environment
2026-05-05 16:16:59:1659 INFO: Redis client disabled in test environment
2026-05-05 16:16:59:1659 INFO: Redis client disabled in test environment
2026-05-05 16:17:00:170 INFO: Redis client disabled in test environment
2026-05-05 16:17:00:170 INFO: Redis client disabled in test environment
2026-05-05 16:17:01:171 INFO: Redis client disabled in test environment
2026-05-05 16:17:27:1727 INFO: Redis client disabled in test environment
2026-05-05 16:17:27:1727 INFO: Cloudinary Configured
2026-05-05 16:17:29:1729 INFO: Redis client disabled in test environment
2026-05-05 16:17:29:1729 INFO: Cloudinary Configured
2026-05-05 16:17:30:1730 INFO: Email transport disabled in test environment
2026-05-05 16:17:30:1730 INFO: [EMAIL - no SMTP] TO: test@yopmail.com | SUBJECT: New bid on your project: Bidable Project
2026-05-05 16:17:35:1735 INFO: Redis client disabled in test environment
2026-05-05 16:17:35:1735 INFO: Cloudinary Configured
2026-05-05 16:17:37:1737 INFO: Redis client disabled in test environment
2026-05-05 16:17:37:1737 INFO: Cloudinary Configured
2026-05-05 16:17:39:1739 INFO: Redis client disabled in test environment
2026-05-05 16:17:39:1739 INFO: Cloudinary Configured
2026-05-05 16:17:41:1741 INFO: Redis client disabled in test environment
2026-05-05 16:17:41:1741 INFO: Cloudinary Configured
2026-05-05 16:17:42:1742 INFO: Email transport disabled in test environment
2026-05-05 16:17:42:1742 INFO: [EMAIL - no SMTP] TO: test@yopmail.com | SUBJECT: Verify Your Email - FreelancerHub
2026-05-05 16:17:42:1742 INFO: New user registered via API: auth.user@example.com
2026-05-05 16:17:42:1742 INFO: Email verified via API: verify.user@example.com
2026-05-05 16:17:43:1743 INFO: User logged in via API: login.user@example.com
2026-05-05 16:17:43:1743 INFO: Email transport disabled in test environment
2026-05-05 16:17:43:1743 INFO: [EMAIL - no SMTP] TO: test@yopmail.com | SUBJECT: Reset Your Password - FreelancerHub
2026-05-05 16:17:43:1743 INFO: Password reset requested via API: reset.user@example.com
2026-05-05 16:17:43:1743 INFO: Password reset success via API: reset.user@example.com
2026-05-05 16:17:44:1744 INFO: Redis client disabled in test environment
2026-05-05 16:17:44:1744 INFO: Cloudinary Configured
2026-05-05 16:17:45:1745 INFO: Redis client disabled in test environment
2026-05-05 16:17:45:1745 INFO: Cloudinary Configured
2026-05-05 16:17:48:1748 INFO: Email transport disabled in test environment
2026-05-05 16:17:48:1748 INFO: [EMAIL - no SMTP] TO: test@yopmail.com | SUBJECT: 🎉 You've been awarded: Award Project
2026-05-05 16:17:51:1751 INFO: Redis client disabled in test environment
2026-05-05 16:17:51:1751 INFO: Cloudinary Configured
2026-05-05 16:31:00:310 INFO: Cloudinary Configured
2026-05-05 16:31:00:310 INFO: Redis Client Connected
2026-05-05 16:31:01:311 INFO: MongoDB Connected: ac-tzo7kzl-shard-00-02.cpntxm6.mongodb.net
2026-05-05 16:31:01:311 INFO: Server running on port 3000 in development mode
2026-05-05 16:33:18:3318 INFO: User logged in: arnab@yopmail.com
2026-05-05 18:41:36:4136 INFO: Redis client disabled in test environment
2026-05-05 18:41:38:4138 INFO: Redis client disabled in test environment
2026-05-05 18:41:39:4139 INFO: Redis client disabled in test environment
2026-05-05 18:41:37:4137 INFO: Redis client disabled in test environment
2026-05-05 18:41:38:4138 INFO: Redis client disabled in test environment
2026-05-05 18:41:39:4139 INFO: Redis client disabled in test environment
2026-05-05 18:41:39:4139 INFO: Redis client disabled in test environment
2026-05-05 18:41:40:4140 INFO: Redis client disabled in test environment
2026-05-05 18:41:37:4137 INFO: Cloudinary Configured
2026-05-05 18:41:38:4138 INFO: Cloudinary Configured
2026-05-05 18:41:40:4140 INFO: Redis client disabled in test environment
2026-05-05 18:41:39:4139 INFO: Cloudinary Configured
2026-05-05 18:41:37:4137 INFO: Cloudinary Configured
2026-05-05 18:41:38:4138 INFO: Cloudinary Configured
2026-05-05 18:41:39:4139 INFO: Cloudinary Configured
2026-05-05 18:41:40:4140 INFO: Cloudinary Configured
2026-05-05 18:41:40:4140 INFO: Cloudinary Configured
2026-05-05 18:41:40:4140 INFO: Cloudinary Configured
2026-05-05 18:42:02:422 INFO: Redis client disabled in test environment
2026-05-05 18:42:03:423 INFO: Cloudinary Configured
2026-05-05 18:42:05:425 INFO: Redis client disabled in test environment
2026-05-05 18:42:05:425 INFO: Cloudinary Configured
2026-05-05 18:42:06:426 INFO: Email transport disabled in test environment
2026-05-05 18:42:06:426 INFO: [EMAIL - no SMTP] TO: test@yopmail.com | SUBJECT: New bid on your project: Bidable Project
2026-05-05 18:42:11:4211 INFO: Redis client disabled in test environment
2026-05-05 18:42:11:4211 INFO: Cloudinary Configured
2026-05-05 18:42:13:4213 INFO: Redis client disabled in test environment
2026-05-05 18:42:13:4213 INFO: Cloudinary Configured
2026-05-05 18:42:15:4215 INFO: Redis client disabled in test environment
2026-05-05 18:42:15:4215 INFO: Cloudinary Configured
2026-05-05 18:42:17:4217 INFO: Redis client disabled in test environment
2026-05-05 18:42:17:4217 INFO: Cloudinary Configured
2026-05-05 18:42:18:4218 INFO: Redis client disabled in test environment
2026-05-05 18:42:18:4218 INFO: Cloudinary Configured
2026-05-05 18:42:21:4221 INFO: Email transport disabled in test environment
2026-05-05 18:42:21:4221 INFO: [EMAIL - no SMTP] TO: test@yopmail.com | SUBJECT: 🎉 You've been awarded: Award Project
2026-05-05 18:42:24:4224 INFO: Redis client disabled in test environment
2026-05-05 18:42:24:4224 INFO: Cloudinary Configured
2026-05-05 18:42:25:4225 INFO: Email transport disabled in test environment
2026-05-05 18:42:25:4225 INFO: [EMAIL - no SMTP] TO: test@yopmail.com | SUBJECT: Verify Your Email - FreelancerHub
2026-05-05 18:42:25:4225 INFO: New user registered via API: auth.user@example.com
2026-05-05 18:42:25:4225 INFO: Email verified via API: verify.user@example.com
2026-05-05 18:42:26:4226 INFO: User logged in via API: login.user@example.com
2026-05-05 18:42:26:4226 INFO: Email transport disabled in test environment
2026-05-05 18:42:26:4226 INFO: [EMAIL - no SMTP] TO: test@yopmail.com | SUBJECT: Reset Your Password - FreelancerHub
2026-05-05 18:42:26:4226 INFO: Password reset requested via API: reset.user@example.com
2026-05-05 18:42:26:4226 INFO: Password reset success via API: reset.user@example.com
2026-05-05 18:42:27:4227 INFO: Redis client disabled in test environment
2026-05-05 18:42:27:4227 INFO: Cloudinary Configured
2026-05-05 18:43:36:4336 INFO: Cloudinary Configured
2026-05-05 18:43:36:4336 INFO: Redis Client Connected
2026-05-05 18:43:37:4337 INFO: MongoDB Connected: ac-tzo7kzl-shard-00-00.cpntxm6.mongodb.net
2026-05-05 18:43:37:4337 INFO: Server running on port 3000 in development mode
2026-05-05 18:45:52:4552 INFO: Cloudinary Configured
2026-05-05 18:45:52:4552 INFO: Redis Client Connected
2026-05-05 18:45:54:4554 INFO: MongoDB Connected: ac-tzo7kzl-shard-00-01.cpntxm6.mongodb.net
2026-05-05 18:45:54:4554 INFO: Server running on port 3000 in development mode
2026-05-05 18:57:50:5750 INFO: Cloudinary Configured
2026-05-05 18:57:50:5750 INFO: Redis Client Connected
2026-05-05 18:57:51:5751 INFO: MongoDB Connected: ac-tzo7kzl-shard-00-02.cpntxm6.mongodb.net
2026-05-05 18:57:51:5751 INFO: Server running on port 3000 in development mode
2026-05-05 19:03:40:340 INFO: Cloudinary Configured
2026-05-05 19:03:40:340 INFO: Redis Client Connected
2026-05-05 19:03:41:341 INFO: MongoDB Connected: ac-tzo7kzl-shard-00-02.cpntxm6.mongodb.net
2026-05-05 19:03:41:341 INFO: Server running on port 3000 in development mode
2026-05-05 19:03:46:346 INFO: Cloudinary Configured
2026-05-05 19:03:46:346 INFO: Redis Client Connected
2026-05-05 19:03:47:347 INFO: MongoDB Connected: ac-tzo7kzl-shard-00-01.cpntxm6.mongodb.net
2026-05-05 19:03:47:347 INFO: Server running on port 3000 in development mode
2026-05-05 19:30:37:3037 INFO: Cloudinary Configured
2026-05-05 19:30:37:3037 INFO: Redis Client Connected
2026-05-05 19:30:38:3038 INFO: MongoDB Connected: ac-tzo7kzl-shard-00-02.cpntxm6.mongodb.net
2026-05-05 19:30:38:3038 INFO: Server running on port 3000 in development mode
2026-05-05 22:42:33:4233 INFO: Cloudinary Configured
2026-05-05 22:42:34:4234 INFO: Redis Client Connected
2026-05-05 22:42:34:4234 INFO: MongoDB Connected: ac-tzo7kzl-shard-00-02.cpntxm6.mongodb.net
2026-05-05 22:42:34:4234 INFO: Server running on port 3000 in development mode
2026-05-05 22:42:46:4246 INFO: Redis client disabled in test environment
2026-05-05 22:42:46:4246 INFO: Cloudinary Configured
2026-05-05 22:42:48:4248 INFO: Email transport disabled in test environment
2026-05-05 22:42:48:4248 INFO: [EMAIL - no SMTP] TO: test@yopmail.com | SUBJECT: New bid on your project: Bidable Project
2026-05-05 22:42:53:4253 INFO: Redis client disabled in test environment
2026-05-05 22:42:53:4253 INFO: Cloudinary Configured
2026-05-05 22:42:55:4255 INFO: Email transport disabled in test environment
2026-05-05 22:42:55:4255 INFO: [EMAIL - no SMTP] TO: test@yopmail.com | SUBJECT: 🎉 You've been awarded: Award Project
2026-05-05 22:42:58:4258 INFO: Redis client disabled in test environment
2026-05-05 22:42:59:4259 INFO: Cloudinary Configured
2026-05-05 22:43:04:434 INFO: Redis client disabled in test environment
2026-05-05 22:43:04:434 INFO: Cloudinary Configured
2026-05-05 22:43:05:435 INFO: Redis client disabled in test environment
2026-05-05 22:43:05:435 INFO: Cloudinary Configured
2026-05-05 22:43:06:436 INFO: Email transport disabled in test environment
2026-05-05 22:43:06:436 INFO: [EMAIL - no SMTP] TO: test@yopmail.com | SUBJECT: Verify Your Email - FreelancerHub
2026-05-05 22:43:06:436 INFO: New user registered via API: auth.user@example.com
2026-05-05 22:43:06:436 INFO: Email verified via API: verify.user@example.com
2026-05-05 22:43:07:437 INFO: User logged in via API: login.user@example.com
2026-05-05 22:43:07:437 INFO: Email transport disabled in test environment
2026-05-05 22:43:07:437 INFO: [EMAIL - no SMTP] TO: test@yopmail.com | SUBJECT: Reset Your Password - FreelancerHub
2026-05-05 22:43:07:437 INFO: Password reset requested via API: reset.user@example.com
2026-05-05 22:43:07:437 INFO: Password reset success via API: reset.user@example.com
2026-05-05 22:43:08:438 INFO: Redis client disabled in test environment
2026-05-05 22:43:08:438 INFO: Cloudinary Configured
2026-05-05 22:43:10:4310 INFO: Redis client disabled in test environment
2026-05-05 22:43:11:4311 INFO: Cloudinary Configured
2026-05-05 22:43:13:4313 INFO: Redis client disabled in test environment
2026-05-05 22:43:13:4313 INFO: Cloudinary Configured
2026-05-05 22:43:15:4315 INFO: Redis client disabled in test environment
2026-05-05 22:43:15:4315 INFO: Cloudinary Configured
2026-05-05 23:05:49:549 INFO: Cloudinary Configured
2026-05-05 23:05:50:550 INFO: Redis Client Connected
2026-05-05 23:05:50:550 INFO: MongoDB Connected: ac-tzo7kzl-shard-00-01.cpntxm6.mongodb.net
2026-05-05 23:05:50:550 INFO: Server running on port 3000 in development mode
2026-05-05 23:06:37:637 INFO: User logged in: arnab@yopmail.com
2026-05-05 23:07:13:713 INFO: User logged in: arjun@yopmail.com
2026-05-05 23:13:16:1316 INFO: Cloudinary Configured
2026-05-05 23:13:16:1316 INFO: Redis Client Connected
2026-05-05 23:13:17:1317 INFO: MongoDB Connected: ac-tzo7kzl-shard-00-00.cpntxm6.mongodb.net
2026-05-05 23:13:17:1317 INFO: Server running on port 3000 in development mode
2026-05-05 23:33:49:3349 INFO: Cloudinary Configured
2026-05-05 23:33:49:3349 INFO: Redis Client Connected
2026-05-05 23:33:50:3350 INFO: MongoDB Connected: ac-tzo7kzl-shard-00-00.cpntxm6.mongodb.net
2026-05-05 23:33:50:3350 INFO: Server running on port 3000 in development mode
2026-05-05 23:34:40:3440 INFO: New user registered: test@example.com
2026-05-05 23:35:10:3510 INFO: User logged in: arjun@yopmail.com
2026-05-05 23:36:02:362 INFO: User logged in: vikram@yopmail.com
2026-05-05 23:37:00:370 INFO: User logged in: arnab@yopmail.com
2026-05-05 23:41:42:4142 INFO: Cloudinary Configured
2026-05-05 23:41:42:4142 INFO: Redis Client Connected
2026-05-05 23:41:43:4143 INFO: MongoDB Connected: ac-tzo7kzl-shard-00-01.cpntxm6.mongodb.net
2026-05-05 23:43:25:4325 INFO: Cloudinary Configured
2026-05-05 23:43:26:4326 INFO: Redis Client Connected
2026-05-05 23:43:26:4326 INFO: MongoDB Connected: ac-tzo7kzl-shard-00-00.cpntxm6.mongodb.net
2026-05-05 23:43:26:4326 INFO: Server running on port 3000 in development mode
2026-05-05 23:49:02:492 INFO: Cloudinary Configured
2026-05-05 23:49:02:492 INFO: Redis Client Connected
2026-05-05 23:49:03:493 INFO: MongoDB Connected: ac-tzo7kzl-shard-00-00.cpntxm6.mongodb.net
2026-05-05 23:49:03:493 INFO: Server running on port 3000 in development mode
2026-05-05 23:51:50:5150 INFO: User logged in: vikram@yopmail.com
2026-05-05 23:56:55:5655 INFO: Cloudinary Configured
2026-05-05 23:56:55:5655 INFO: Redis Client Connected
2026-05-05 23:56:55:5655 INFO: Cloudinary Configured
2026-05-05 23:56:55:5655 INFO: Redis Client Connected
2026-05-05 23:56:56:5656 INFO: MongoDB Connected: ac-tzo7kzl-shard-00-00.cpntxm6.mongodb.net
2026-05-05 23:56:56:5656 INFO: Server running on port 3000 in development mode
2026-05-05 23:56:56:5656 INFO: MongoDB Connected: ac-tzo7kzl-shard-00-00.cpntxm6.mongodb.net
2026-05-05 23:58:07:587 INFO: Cloudinary Configured
2026-05-05 23:58:07:587 INFO: Redis Client Connected
2026-05-05 23:58:07:587 INFO: Cloudinary Configured
2026-05-05 23:58:07:587 INFO: Redis Client Connected
2026-05-05 23:58:07:587 INFO: MongoDB Connected: ac-tzo7kzl-shard-00-00.cpntxm6.mongodb.net
2026-05-05 23:58:07:587 INFO: Server running on port 3000 in development mode
2026-05-05 23:58:07:587 INFO: MongoDB Connected: ac-tzo7kzl-shard-00-00.cpntxm6.mongodb.net
2026-05-05 23:59:05:595 INFO: Cloudinary Configured
2026-05-05 23:59:06:596 INFO: Redis Client Connected
2026-05-05 23:59:05:595 INFO: Cloudinary Configured
2026-05-05 23:59:06:596 INFO: Redis Client Connected
2026-05-05 23:59:06:596 INFO: MongoDB Connected: ac-tzo7kzl-shard-00-02.cpntxm6.mongodb.net
2026-05-05 23:59:06:596 INFO: MongoDB Connected: ac-tzo7kzl-shard-00-01.cpntxm6.mongodb.net
2026-05-05 23:59:06:596 INFO: Server running on port 3000 in development mode
2026-05-05 23:59:14:5914 INFO: Cloudinary Configured
2026-05-05 23:59:14:5914 INFO: Redis Client Connected
2026-05-05 23:59:14:5914 INFO: Cloudinary Configured
2026-05-05 23:59:14:5914 INFO: Redis Client Connected
2026-05-05 23:59:15:5915 INFO: MongoDB Connected: ac-tzo7kzl-shard-00-01.cpntxm6.mongodb.net
2026-05-05 23:59:15:5915 INFO: Server running on port 3000 in development mode
2026-05-05 23:59:15:5915 INFO: MongoDB Connected: ac-tzo7kzl-shard-00-00.cpntxm6.mongodb.net
2026-05-05 23:59:53:5953 INFO: Cloudinary Configured
2026-05-05 23:59:53:5953 INFO: Redis Client Connected
2026-05-05 23:59:53:5953 INFO: Cloudinary Configured
2026-05-05 23:59:53:5953 INFO: Redis Client Connected
2026-05-05 23:59:54:5954 INFO: MongoDB Connected: ac-tzo7kzl-shard-00-01.cpntxm6.mongodb.net
2026-05-05 23:59:54:5954 INFO: Server running on port 3000 in development mode
2026-05-05 23:59:54:5954 INFO: MongoDB Connected: ac-tzo7kzl-shard-00-00.cpntxm6.mongodb.net
2026-05-06 00:00:02:02 INFO: Cloudinary Configured
2026-05-06 00:00:02:02 INFO: Redis Client Connected
2026-05-06 00:00:02:02 INFO: Cloudinary Configured
2026-05-06 00:00:02:02 INFO: Redis Client Connected
2026-05-06 00:00:03:03 INFO: MongoDB Connected: ac-tzo7kzl-shard-00-00.cpntxm6.mongodb.net
2026-05-06 00:00:03:03 INFO: Server running on port 3000 in development mode
2026-05-06 00:00:03:03 INFO: MongoDB Connected: ac-tzo7kzl-shard-00-00.cpntxm6.mongodb.net
2026-05-06 00:00:08:08 INFO: Cloudinary Configured
2026-05-06 00:00:09:09 INFO: Redis Client Connected
2026-05-06 00:00:08:08 INFO: Cloudinary Configured
2026-05-06 00:00:09:09 INFO: Redis Client Connected
2026-05-06 00:00:09:09 INFO: MongoDB Connected: ac-tzo7kzl-shard-00-02.cpntxm6.mongodb.net
2026-05-06 00:00:09:09 INFO: Server running on port 3000 in development mode
2026-05-06 00:00:09:09 INFO: MongoDB Connected: ac-tzo7kzl-shard-00-02.cpntxm6.mongodb.net
2026-05-06 00:01:57:157 INFO: Cloudinary Configured
2026-05-06 00:01:57:157 INFO: Redis Client Connected
2026-05-06 00:01:58:158 INFO: MongoDB Connected: ac-tzo7kzl-shard-00-01.cpntxm6.mongodb.net
2026-05-06 00:01:58:158 INFO: Server running on port 3000 in development mode
2026-05-06 00:03:53:353 INFO: Cloudinary Configured
2026-05-06 00:03:54:354 INFO: Redis Client Connected
2026-05-06 00:03:54:354 INFO: MongoDB Connected: ac-tzo7kzl-shard-00-02.cpntxm6.mongodb.net
2026-05-06 00:03:54:354 INFO: Server running on port 3000 in development mode
2026-05-06 00:07:32:732 INFO: Cloudinary Configured
2026-05-06 00:07:32:732 INFO: Redis Client Connected
2026-05-06 00:07:32:732 INFO: MongoDB Connected: ac-tzo7kzl-shard-00-00.cpntxm6.mongodb.net
2026-05-06 00:07:32:732 INFO: Server running on port 3000 in development mode
2026-05-06 00:13:45:1345 INFO: Cloudinary Configured
2026-05-06 00:13:45:1345 INFO: Redis Client Connected
2026-05-06 00:13:46:1346 INFO: MongoDB Connected: ac-tzo7kzl-shard-00-02.cpntxm6.mongodb.net
2026-05-06 00:13:46:1346 INFO: Server running on port 3000 in development mode
2026-05-06 00:14:51:1451 INFO: New user registered: manish@yopmail.com
2026-05-06 00:15:08:158 INFO: Email verified: manish@yopmail.com
2026-05-06 00:16:02:162 INFO: User logged in: manish@yopmail.com
2026-05-06 00:19:52:1952 INFO: New user registered: raj@yopmail.com
2026-05-06 00:20:00:200 INFO: Email verified: raj@yopmail.com
2026-05-06 00:21:32:2132 INFO: Cloudinary Configured
2026-05-06 00:21:32:2132 INFO: Redis Client Connected
2026-05-06 00:21:33:2133 INFO: MongoDB Connected: ac-tzo7kzl-shard-00-02.cpntxm6.mongodb.net
2026-05-06 00:21:33:2133 INFO: Server running on port 3000 in development mode
2026-05-06 00:21:37:2137 INFO: Cloudinary Configured
2026-05-06 00:21:37:2137 INFO: Redis Client Connected
2026-05-06 00:22:48:2248 INFO: Cloudinary Configured
2026-05-06 00:22:48:2248 INFO: Redis Client Connected
2026-05-06 00:22:48:2248 INFO: MongoDB Connected: ac-tzo7kzl-shard-00-00.cpntxm6.mongodb.net
2026-05-06 00:22:48:2248 INFO: Server running on port 3000 in development mode
2026-05-06 00:30:45:3045 INFO: User logged in: manish@yopmail.com
2026-05-06 00:32:58:3258 INFO: Password reset requested: arnab@yopmail.com
2026-05-06 00:33:27:3327 INFO: Password reset successful: arnab@yopmail.com
2026-05-06 00:33:40:3340 INFO: User logged in: arnab@yopmail.com
2026-05-06 00:34:52:3452 INFO: Cloudinary Configured
2026-05-06 00:34:52:3452 INFO: Redis Client Connected
2026-05-06 00:34:53:3453 INFO: MongoDB Connected: ac-tzo7kzl-shard-00-02.cpntxm6.mongodb.net
2026-05-06 00:34:53:3453 INFO: Server running on port 3000 in development mode
2026-05-06 00:40:14:4014 INFO: Cloudinary Configured
2026-05-06 00:40:14:4014 INFO: Redis Client Connected
2026-05-06 00:40:15:4015 INFO: MongoDB Connected: ac-tzo7kzl-shard-00-01.cpntxm6.mongodb.net
2026-05-06 00:40:15:4015 INFO: Server running on port 3000 in development mode
2026-05-06 00:53:18:5318 INFO: Password reset requested: vikram@yopmail.com
2026-05-06 00:53:48:5348 INFO: Password reset successful: vikram@yopmail.com
2026-05-06 00:55:41:5541 INFO: Password reset requested: arjun@yopmail.com
2026-05-06 00:56:12:5612 INFO: Password reset successful: arjun@yopmail.com
2026-05-06 00:56:29:5629 INFO: User logged in: arnab@yopmail.com
2026-05-06 01:21:24:2124 INFO: User logged in: arjun@yopmail.com
2026-05-06 01:24:29:2429 INFO: User logged in: vikram@yopmail.com
2026-05-06 01:37:42:3742 INFO: Cloudinary Configured
2026-05-06 01:37:42:3742 INFO: Redis Client Connected
2026-05-06 01:37:42:3742 INFO: MongoDB Connected: ac-tzo7kzl-shard-00-01.cpntxm6.mongodb.net
2026-05-06 01:37:42:3742 INFO: Server running on port 3000 in development mode
2026-05-06 01:38:04:384 INFO: Cloudinary Configured
2026-05-06 01:38:04:384 INFO: Redis Client Connected
2026-05-06 01:38:05:385 INFO: MongoDB Connected: ac-tzo7kzl-shard-00-02.cpntxm6.mongodb.net
2026-05-06 01:38:05:385 INFO: Server running on port 3000 in development mode
2026-05-06 01:38:11:3811 INFO: Cloudinary Configured
2026-05-06 01:38:11:3811 INFO: Redis Client Connected
2026-05-06 01:38:11:3811 INFO: MongoDB Connected: ac-tzo7kzl-shard-00-02.cpntxm6.mongodb.net
2026-05-06 01:38:11:3811 INFO: Server running on port 3000 in development mode
2026-05-06 01:38:27:3827 INFO: Cloudinary Configured
2026-05-06 01:38:27:3827 INFO: Redis Client Connected
2026-05-06 01:38:28:3828 INFO: MongoDB Connected: ac-tzo7kzl-shard-00-02.cpntxm6.mongodb.net
2026-05-06 01:38:28:3828 INFO: Server running on port 3000 in development mode
2026-05-06 01:38:39:3839 INFO: Cloudinary Configured
2026-05-06 01:38:40:3840 INFO: Redis Client Connected
2026-05-06 01:38:40:3840 INFO: MongoDB Connected: ac-tzo7kzl-shard-00-02.cpntxm6.mongodb.net
2026-05-06 01:38:40:3840 INFO: Server running on port 3000 in development mode
2026-05-06 01:43:11:4311 INFO: User logged in: manish@yopmail.com
2026-05-06 01:48:15:4815 INFO: User logged in: vikram@yopmail.com
2026-05-06 01:56:27:5627 INFO: User logged in: manish@yopmail.com
2026-05-06 01:57:40:5740 INFO: User logged in: vikram@yopmail.com
2026-05-06 01:59:02:592 INFO: User logged in: arnab@yopmail.com
2026-05-06 02:01:07:17 ERROR: getProjects: Cast to Number failed for value "{}" (type Object) at path "budget.min" for model "Project"
2026-05-06 02:02:05:25 ERROR: getProjects: Cast to Number failed for value "{}" (type Object) at path "budget.min" for model "Project"
2026-05-06 02:10:10:1010 INFO: Redis client disabled in test environment
2026-05-06 02:10:10:1010 INFO: Cloudinary Configured
2026-05-06 02:10:12:1012 INFO: Email transport disabled in test environment
2026-05-06 02:10:12:1012 INFO: [EMAIL - no SMTP] TO: test@yopmail.com | SUBJECT: New bid on your project: Bidable Project
2026-05-06 02:10:16:1016 INFO: Redis client disabled in test environment
2026-05-06 02:10:17:1017 INFO: Cloudinary Configured
2026-05-06 02:10:19:1019 INFO: Email transport disabled in test environment
2026-05-06 02:10:19:1019 INFO: [EMAIL - no SMTP] TO: test@yopmail.com | SUBJECT: 🎉 You've been awarded: Award Project
2026-05-06 02:10:22:1022 INFO: Redis client disabled in test environment
2026-05-06 02:10:22:1022 INFO: Cloudinary Configured
2026-05-06 02:10:27:1027 INFO: Redis client disabled in test environment
2026-05-06 02:10:27:1027 INFO: Cloudinary Configured
2026-05-06 02:10:28:1028 INFO: Email transport disabled in test environment
2026-05-06 02:10:28:1028 INFO: [EMAIL - no SMTP] TO: test@yopmail.com | SUBJECT: Verify Your Email - FreelancerHub
2026-05-06 02:10:28:1028 INFO: New user registered via API: auth.user@example.com
2026-05-06 02:10:28:1028 INFO: Email verified via API: verify.user@example.com
2026-05-06 02:10:29:1029 INFO: User logged in via API: login.user@example.com
2026-05-06 02:10:29:1029 INFO: Email transport disabled in test environment
2026-05-06 02:10:29:1029 INFO: [EMAIL - no SMTP] TO: test@yopmail.com | SUBJECT: Reset Your Password - FreelancerHub
2026-05-06 02:10:29:1029 INFO: Password reset requested via API: reset.user@example.com
2026-05-06 02:10:29:1029 INFO: Password reset success via API: reset.user@example.com
2026-05-06 02:10:30:1030 INFO: Redis client disabled in test environment
2026-05-06 02:10:30:1030 INFO: Cloudinary Configured
2026-05-06 02:10:32:1032 INFO: Redis client disabled in test environment
2026-05-06 02:10:33:1033 INFO: Cloudinary Configured
2026-05-06 02:10:35:1035 INFO: Redis client disabled in test environment
2026-05-06 02:10:35:1035 INFO: Cloudinary Configured
2026-05-06 02:10:36:1036 INFO: Redis client disabled in test environment
2026-05-06 02:10:36:1036 INFO: Cloudinary Configured
2026-05-06 02:10:38:1038 INFO: Redis client disabled in test environment
2026-05-06 02:10:38:1038 INFO: Cloudinary Configured
2026-05-06 04:24:26:2426 INFO: Cloudinary Configured
2026-05-06 04:24:26:2426 INFO: Redis Client Connected
2026-05-06 04:24:27:2427 INFO: MongoDB Connected: ac-tzo7kzl-shard-00-00.cpntxm6.mongodb.net
2026-05-06 04:24:27:2427 INFO: Server running on port 3000 in development mode
2026-05-06 10:18:43:1843 INFO: Cloudinary Configured
2026-05-06 10:18:43:1843 INFO: Redis Client Connected
2026-05-06 10:18:43:1843 INFO: MongoDB Connected: ac-tzo7kzl-shard-00-00.cpntxm6.mongodb.net
2026-05-06 10:18:43:1843 INFO: Server running on port 3000 in development mode
2026-05-06 11:17:47:1747 INFO: Cloudinary Configured
2026-05-06 11:17:47:1747 INFO: Redis Client Connected
2026-05-06 11:17:48:1748 INFO: MongoDB Connected: ac-tzo7kzl-shard-00-02.cpntxm6.mongodb.net
2026-05-06 11:17:48:1748 INFO: Server running on port 3000 in development mode
2026-05-06 11:30:07:307 INFO: User logged in: vikram@yopmail.com
2026-05-06 11:32:14:3214 INFO: User logged in: arjun@yopmail.com
2026-05-06 11:33:07:337 INFO: User logged in: vikram@yopmail.com
2026-05-06 11:35:26:3526 INFO: User logged in: arjun@yopmail.com
2026-05-06 11:36:25:3625 INFO: User logged in: vikram@yopmail.com
2026-05-06 11:37:14:3714 INFO: User logged in: arjun@yopmail.com
2026-05-06 11:37:47:3747 INFO: User logged in: arnab@yopmail.com
2026-05-06 11:57:35:5735 INFO: New user registered via API: vasu@yopmail.com
2026-05-06 11:57:44:5744 INFO: Email verified: vasu@yopmail.com
2026-05-06 11:59:44:5944 INFO: User logged in via API: vasu@yopmail.com
2026-05-06 12:21:43:2143 ERROR: apiPostCreateProject Error: Project validation failed: deadline: Cast to date failed for value "Invalid Date" (type Date) at path "deadline"
2026-05-06 12:44:23:4423 INFO: New user registered via API: rajat@yopmail.com
2026-05-06 12:44:39:4439 INFO: Email verified: rajat@yopmail.com
2026-05-06 12:44:58:4458 INFO: User logged in via API: rajat@yopmail.com
2026-05-06 13:13:13:1313 INFO: Cloudinary Configured
2026-05-06 13:13:14:1314 INFO: Redis Client Connected
2026-05-06 13:13:14:1314 INFO: MongoDB Connected: ac-tzo7kzl-shard-00-01.cpntxm6.mongodb.net
2026-05-06 13:13:14:1314 INFO: Server running on port 3000 in development mode
2026-05-06 13:18:59:1859 INFO: User logged in via API: vasu@yopmail.com
2026-05-06 16:00:58:058 INFO: Cloudinary Configured
2026-05-06 16:00:58:058 INFO: Redis Client Connected
2026-05-06 16:01:00:10 INFO: MongoDB Connected: ac-tzo7kzl-shard-00-01.cpntxm6.mongodb.net
2026-05-06 16:01:00:10 INFO: Server running on port 3000 in development mode
2026-05-06 16:02:29:229 INFO: User logged in: vasu@yopmail.com
2026-05-06 16:44:19:4419 INFO: Cloudinary Configured
2026-05-06 16:44:19:4419 INFO: Redis Client Connected
2026-05-06 16:44:19:4419 INFO: MongoDB Connected: ac-tzo7kzl-shard-00-02.cpntxm6.mongodb.net
2026-05-06 16:44:19:4419 INFO: Server running on port 3000 in development mode
2026-05-06 16:52:55:5255 INFO: Cloudinary Configured
2026-05-06 16:52:55:5255 INFO: Redis Client Connected
2026-05-06 16:52:56:5256 INFO: MongoDB Connected: ac-tzo7kzl-shard-00-00.cpntxm6.mongodb.net
2026-05-06 16:52:56:5256 INFO: Server running on port 3000 in development mode
2026-05-06 17:08:16:816 INFO: Cloudinary Configured
2026-05-06 17:08:17:817 INFO: Redis Client Connected
2026-05-06 17:08:18:818 INFO: MongoDB Connected: ac-tzo7kzl-shard-00-02.cpntxm6.mongodb.net
2026-05-06 17:08:18:818 INFO: Server running on port 3000 in development mode
2026-05-06 17:13:34:1334 INFO: Cloudinary Configured
2026-05-06 17:13:35:1335 INFO: Redis Client Connected
2026-05-06 17:13:35:1335 INFO: MongoDB Connected: ac-tzo7kzl-shard-00-01.cpntxm6.mongodb.net
2026-05-06 17:13:35:1335 INFO: Server running on port 3000 in development mode
2026-05-06 17:14:19:1419 INFO: User logged in: arjun@yopmail.com
2026-05-06 17:23:32:2332 INFO: User logged in via API: arnab@yopmail.com
